<?xml version="1.0" encoding="UTF-8"?>
<testng-results ignored="0" total="1" passed="1" failed="0" skipped="0">
  <reporter-output>
  </reporter-output>
  <suite started-at="2025-06-27T12:06:09 IST" name="Default suite" finished-at="2025-06-27T12:06:23 IST" duration-ms="13896">
    <groups>
    </groups>
    <test started-at="2025-06-27T12:06:09 IST" name="Default test" finished-at="2025-06-27T12:06:23 IST" duration-ms="13896">
      <class name="ProjectTestMethods.TestProject">
        <test-method is-config="true" signature="setUpDriver()[pri:0, instance:ProjectTestMethods.TestProject@69e1dd28]" started-at="2025-06-27T12:06:09 IST" name="setUpDriver" finished-at="2025-06-27T12:06:14 IST" duration-ms="5670" status="PASS">
          <reporter-output>
          </reporter-output>
        </test-method> <!-- setUpDriver -->
        <test-method is-config="true" signature="clickCreateNewAccount()[pri:0, instance:ProjectTestMethods.TestProject@69e1dd28]" started-at="2025-06-27T12:06:15 IST" name="clickCreateNewAccount" finished-at="2025-06-27T12:06:16 IST" duration-ms="1038" status="PASS">
          <reporter-output>
          </reporter-output>
        </test-method> <!-- clickCreateNewAccount -->
        <test-method signature="testSignUp(java.lang.String,java.lang.String,java.lang.String,java.lang.String,java.lang.String,java.lang.String,java.lang.String,java.lang.String)[pri:0, instance:ProjectTestMethods.TestProject@69e1dd28]" started-at="2025-06-27T12:06:16 IST" name="testSignUp" data-provider="getValidData" finished-at="2025-06-27T12:06:20 IST" duration-ms="3991" status="PASS">
          <params>
            <param index="0">
              <value>
                <![CDATA[Tushar]]>
              </value>
            </param>
            <param index="1">
              <value>
                <![CDATA[Kalaskar]]>
              </value>
            </param>
            <param index="2">
              <value>
                <![CDATA[987654321]]>
              </value>
            </param>
            <param index="3">
              <value>
                <![CDATA[23]]>
              </value>
            </param>
            <param index="4">
              <value>
                <![CDATA[3]]>
              </value>
            </param>
            <param index="5">
              <value>
                <![CDATA[2003]]>
              </value>
            </param>
            <param index="6">
              <value>
                <![CDATA[Male]]>
              </value>
            </param>
            <param index="7">
              <value>
                <![CDATA[]]>
              </value>
            </param>
          </params>
          <reporter-output>
          </reporter-output>
        </test-method> <!-- testSignUp -->
        <test-method is-config="true" signature="tearDown()[pri:0, instance:ProjectTestMethods.TestProject@69e1dd28]" started-at="2025-06-27T12:06:20 IST" name="tearDown" finished-at="2025-06-27T12:06:23 IST" duration-ms="2477" status="PASS">
          <reporter-output>
          </reporter-output>
        </test-method> <!-- tearDown -->
      </class> <!-- ProjectTestMethods.TestProject -->
    </test> <!-- Default test -->
  </suite> <!-- Default suite -->
</testng-results>
